<?xml version="1.0" encoding="UTF-8"?>
<!-- Generated by org.testng.reporters.JUnitReportReporter -->
<testsuite hostname="DESKTOP-920BDJ8" name="test.TestFramework" tests="1" failures="0" timestamp="31 May 2020 17:50:29 GMT" time="49.645" errors="0">
  <testcase name="yahoo" time="49.645" classname="test.TestFramework"/>
</testsuite> <!-- test.TestFramework -->
